[0m09:38:48.593919 [debug] [MainThread]: Sending event: {'category': 'dbt', 'action': 'invocation', 'label': 'start', 'context': [<snowplow_tracker.self_describing_json.SelfDescribingJson object at 0x000001DF70EE3770>, <snowplow_tracker.self_describing_json.SelfDescribingJson object at 0x000001DF70BDD520>, <snowplow_tracker.self_describing_json.SelfDescribingJson object at 0x000001DF7166DA60>]}


============================== 09:38:48.600475 | f3375a9a-e4d5-4964-99ce-1df92da93557 ==============================
[0m09:38:48.600475 [info ] [MainThread]: Running with dbt=1.11.2
[0m09:38:48.601485 [debug] [MainThread]: running dbt with arguments {'static_parser': 'True', 'no_print': 'None', 'version_check': 'True', 'target_path': 'None', 'warn_error_options': 'WarnErrorOptionsV2(error=[], warn=[], silence=[])', 'printer_width': '80', 'write_json': 'True', 'empty': 'None', 'log_cache_events': 'False', 'introspect': 'True', 'cache_selected_only': 'False', 'log_format': 'default', 'debug': 'False', 'fail_fast': 'False', 'partial_parse': 'True', 'send_anonymous_usage_stats': 'True', 'quiet': 'False', 'warn_error': 'None', 'profiles_dir': 'C:\\Users\\jorge\\.dbt', 'use_colors': 'True', 'indirect_selection': 'eager', 'invocation_command': 'dbt init transformacao_btc', 'use_experimental_parser': 'False', 'log_path': 'logs'}
[0m09:38:48.618990 [info ] [MainThread]: Creating dbt configuration folder at C:\Users\jorge\.dbt
[0m09:38:48.620374 [debug] [MainThread]: Starter project path: C:\Users\jorge\Documents\Projetos\projeto_btc_dados\venv\Lib\site-packages\dbt\include\starter_project
[0m09:38:48.639485 [info ] [MainThread]: 
Your new dbt project "transformacao_btc" was created!

For more information on how to configure the profiles.yml file,
please consult the dbt documentation here:

  https://docs.getdbt.com/docs/configure-your-profile

One more thing:

Need help? Don't hesitate to reach out to us via GitHub issues or on Slack:

  https://community.getdbt.com/

Happy modeling!

[0m09:38:48.639485 [info ] [MainThread]: Setting up your profile.
[0m09:42:19.003982 [error] [MainThread]: Encountered an error:

[0m09:42:19.061405 [error] [MainThread]: Traceback (most recent call last):
  File "C:\Users\jorge\Documents\Projetos\projeto_btc_dados\venv\Lib\site-packages\dbt\cli\requires.py", line 182, in wrapper
    result, success = func(*args, **kwargs)
                      ^^^^^^^^^^^^^^^^^^^^^
  File "C:\Users\jorge\Documents\Projetos\projeto_btc_dados\venv\Lib\site-packages\dbt\cli\requires.py", line 128, in wrapper
    return func(*args, **kwargs)
           ^^^^^^^^^^^^^^^^^^^^^
  File "C:\Users\jorge\Documents\Projetos\projeto_btc_dados\venv\Lib\site-packages\dbt\cli\main.py", line 483, in init
    results = task.run()
              ^^^^^^^^^^
  File "C:\Users\jorge\Documents\Projetos\projeto_btc_dados\venv\Lib\site-packages\dbt\task\init.py", line 346, in run
    self.setup_profile(profile_name)
  File "C:\Users\jorge\Documents\Projetos\projeto_btc_dados\venv\Lib\site-packages\dbt\task\init.py", line 262, in setup_profile
    self.create_profile_from_target(adapter, profile_name=profile_name)
  File "C:\Users\jorge\Documents\Projetos\projeto_btc_dados\venv\Lib\site-packages\dbt\task\init.py", line 179, in create_profile_from_target
    self.create_profile_from_profile_template(profile_template, profile_name)
  File "C:\Users\jorge\Documents\Projetos\projeto_btc_dados\venv\Lib\site-packages\dbt\task\init.py", line 163, in create_profile_from_profile_template
    target = self.generate_target_from_input(prompts, initial_target)
             ^^^^^^^^^^^^^^^^^^^^^^^^^^^^^^^^^^^^^^^^^^^^^^^^^^^^^^^^
  File "C:\Users\jorge\Documents\Projetos\projeto_btc_dados\venv\Lib\site-packages\dbt\task\init.py", line 129, in generate_target_from_input
    target[key] = click.prompt(
                  ^^^^^^^^^^^^^
  File "C:\Users\jorge\Documents\Projetos\projeto_btc_dados\venv\Lib\site-packages\click\termui.py", line 171, in prompt
    value = prompt_func(prompt)
            ^^^^^^^^^^^^^^^^^^^
  File "C:\Users\jorge\Documents\Projetos\projeto_btc_dados\venv\Lib\site-packages\click\termui.py", line 154, in prompt_func
    raise Abort() from None
click.exceptions.Abort

[0m09:42:19.061405 [debug] [MainThread]: Command `dbt init` failed at 09:42:19.061405 after 210.56 seconds
[0m09:42:19.061405 [debug] [MainThread]: Sending event: {'category': 'dbt', 'action': 'invocation', 'label': 'end', 'context': [<snowplow_tracker.self_describing_json.SelfDescribingJson object at 0x000001DF70EE3770>, <snowplow_tracker.self_describing_json.SelfDescribingJson object at 0x000001DF72987D70>, <snowplow_tracker.self_describing_json.SelfDescribingJson object at 0x000001DF717DA9C0>]}
[0m09:42:19.061405 [debug] [MainThread]: Flushing usage events
[0m09:42:19.936608 [debug] [MainThread]: An error was encountered while trying to flush usage events
[0m09:46:51.238919 [debug] [MainThread]: Sending event: {'category': 'dbt', 'action': 'invocation', 'label': 'start', 'context': [<snowplow_tracker.self_describing_json.SelfDescribingJson object at 0x0000015DC78908C0>, <snowplow_tracker.self_describing_json.SelfDescribingJson object at 0x0000015DC6CDD820>, <snowplow_tracker.self_describing_json.SelfDescribingJson object at 0x0000015DC50D4E00>]}


============================== 09:46:51.243755 | 91123bc1-7994-4178-a2ba-156a3183bda0 ==============================
[0m09:46:51.243755 [info ] [MainThread]: Running with dbt=1.11.2
[0m09:46:51.244202 [debug] [MainThread]: running dbt with arguments {'static_parser': 'True', 'no_print': 'None', 'version_check': 'True', 'target_path': 'None', 'warn_error_options': 'WarnErrorOptionsV2(error=[], warn=[], silence=[])', 'printer_width': '80', 'write_json': 'True', 'empty': 'None', 'log_cache_events': 'False', 'introspect': 'True', 'cache_selected_only': 'False', 'fail_fast': 'False', 'debug': 'False', 'log_format': 'default', 'partial_parse': 'True', 'send_anonymous_usage_stats': 'True', 'quiet': 'False', 'warn_error': 'None', 'profiles_dir': 'C:\\Users\\jorge\\.dbt', 'indirect_selection': 'eager', 'invocation_command': 'dbt init transformacao_btc', 'use_colors': 'True', 'use_experimental_parser': 'False', 'log_path': 'logs'}
[0m09:46:51.262476 [debug] [MainThread]: Starter project path: C:\Users\jorge\AppData\Local\Programs\Python\Python312\Lib\site-packages\dbt\include\starter_project
[0m09:46:51.287103 [info ] [MainThread]: 
Your new dbt project "transformacao_btc" was created!

For more information on how to configure the profiles.yml file,
please consult the dbt documentation here:

  https://docs.getdbt.com/docs/configure-your-profile

One more thing:

Need help? Don't hesitate to reach out to us via GitHub issues or on Slack:

  https://community.getdbt.com/

Happy modeling!

[0m09:46:51.288106 [info ] [MainThread]: Setting up your profile.
[0m09:48:57.066083 [error] [MainThread]: Encountered an error:

[0m09:48:57.087379 [error] [MainThread]: Traceback (most recent call last):
  File "C:\Users\jorge\AppData\Local\Programs\Python\Python312\Lib\site-packages\dbt\cli\requires.py", line 182, in wrapper
    result, success = func(*args, **kwargs)
                      ^^^^^^^^^^^^^^^^^^^^^
  File "C:\Users\jorge\AppData\Local\Programs\Python\Python312\Lib\site-packages\dbt\cli\requires.py", line 128, in wrapper
    return func(*args, **kwargs)
           ^^^^^^^^^^^^^^^^^^^^^
  File "C:\Users\jorge\AppData\Local\Programs\Python\Python312\Lib\site-packages\dbt\cli\main.py", line 483, in init
    results = task.run()
              ^^^^^^^^^^
  File "C:\Users\jorge\AppData\Local\Programs\Python\Python312\Lib\site-packages\dbt\task\init.py", line 346, in run
    self.setup_profile(profile_name)
  File "C:\Users\jorge\AppData\Local\Programs\Python\Python312\Lib\site-packages\dbt\task\init.py", line 262, in setup_profile
    self.create_profile_from_target(adapter, profile_name=profile_name)
  File "C:\Users\jorge\AppData\Local\Programs\Python\Python312\Lib\site-packages\dbt\task\init.py", line 179, in create_profile_from_target
    self.create_profile_from_profile_template(profile_template, profile_name)
  File "C:\Users\jorge\AppData\Local\Programs\Python\Python312\Lib\site-packages\dbt\task\init.py", line 163, in create_profile_from_profile_template
    target = self.generate_target_from_input(prompts, initial_target)
             ^^^^^^^^^^^^^^^^^^^^^^^^^^^^^^^^^^^^^^^^^^^^^^^^^^^^^^^^
  File "C:\Users\jorge\AppData\Local\Programs\Python\Python312\Lib\site-packages\dbt\task\init.py", line 129, in generate_target_from_input
    target[key] = click.prompt(
                  ^^^^^^^^^^^^^
  File "C:\Users\jorge\AppData\Local\Programs\Python\Python312\Lib\site-packages\click\termui.py", line 171, in prompt
    value = prompt_func(prompt)
            ^^^^^^^^^^^^^^^^^^^
  File "C:\Users\jorge\AppData\Local\Programs\Python\Python312\Lib\site-packages\click\termui.py", line 154, in prompt_func
    raise Abort() from None
click.exceptions.Abort

[0m09:48:57.088903 [debug] [MainThread]: Command `dbt init` failed at 09:48:57.088903 after 125.95 seconds
[0m09:48:57.088903 [debug] [MainThread]: Sending event: {'category': 'dbt', 'action': 'invocation', 'label': 'end', 'context': [<snowplow_tracker.self_describing_json.SelfDescribingJson object at 0x0000015DC78908C0>, <snowplow_tracker.self_describing_json.SelfDescribingJson object at 0x0000015DC95769C0>, <snowplow_tracker.self_describing_json.SelfDescribingJson object at 0x0000015DC96063F0>]}
[0m09:48:57.088903 [debug] [MainThread]: Flushing usage events
[0m09:48:57.904357 [debug] [MainThread]: An error was encountered while trying to flush usage events
